cropper/build/intermediates/manifest_merge_blame_file/debug/manifest-merger-blame-debug-report.txt
1<?xml version="1.0" encoding="utf-8"?>
2<manifest xmlns:android="http://schemas.android.com/apk/res/android"
3    package="com.gioco.image.cropper"
4    android:versionCode="1"
5    android:versionName="1.0" >
6
7    <uses-sdk
8        android:minSdkVersion="21"
8-->src\main\AndroidManifest.xml
9        android:targetSdkVersion="28" />
9-->src\main\AndroidManifest.xml
10
11    <application>
11-->src\main\AndroidManifest.xml:4:5-10:19
12        <activity
12-->src\main\AndroidManifest.xml:5:9-9:20
13            android:name="com.gioco.image.cropper.CropImageActivity"
13-->src\main\AndroidManifest.xml:6:13-69
14            android:theme="@style/Theme.AppCompat" >
14-->src\main\AndroidManifest.xml:7:13-51
15        </activity>
16    </application>
17
18</manifest>